[2026-04-17-14:14:55]: Compression_screener_logger-INFO------login Stage-----:
[2026-04-17-14:14:55]: Compression_screener_logger-INFO-Successfully retrieved login configuration.:
[2026-04-17-14:15:13]: Compression_screener_logger-INFO-Access token and timestamp saved successfully in config.yaml:
[2026-04-17-14:15:13]: Compression_screener_logger-INFO-login Stage sucessful:
[2026-04-17-14:15:13]: Compression_screener_logger-INFO------user information- Stage-----:
[2026-04-17-14:15:13]: Compression_screener_logger-INFO-Accessing client_id and acesstoken:
[2026-04-17-14:15:13]: Compression_screener_logger-INFO-Successfully retrieved authentication code.:
[2026-04-17-14:15:13]: Compression_screener_logger-INFO-Accessing client_id and acesstoken successful:
[2026-04-17-14:15:15]: Compression_screener_logger-INFO-symbol list retrieved successful:
[2026-04-17-14:15:15]: Compression_screener_logger-INFO-user information- Stage sucessful:
[2026-04-17-14:18:29]: Compression_screener_logger-INFO------login Stage-----:
[2026-04-17-14:18:29]: Compression_screener_logger-INFO-Previous login is still valid. Skipping login step by default.:
[2026-04-17-14:18:30]: Compression_screener_logger-INFO-Login skipped by user choice.:
[2026-04-17-14:18:30]: Compression_screener_logger-INFO-login Stage sucessful:
[2026-04-17-14:18:30]: Compression_screener_logger-INFO------user information- Stage-----:
[2026-04-17-14:18:30]: Compression_screener_logger-INFO-Accessing client_id and acesstoken:
[2026-04-17-14:18:30]: Compression_screener_logger-INFO-Successfully retrieved authentication code.:
[2026-04-17-14:18:30]: Compression_screener_logger-INFO-Accessing client_id and acesstoken successful:
[2026-04-17-14:18:33]: Compression_screener_logger-INFO-symbol list retrieved successful:
[2026-04-17-14:18:33]: Compression_screener_logger-INFO-user information- Stage sucessful:
[2026-04-17-14:18:52]: Compression_screener_logger-INFO------login Stage-----:
[2026-04-17-14:18:52]: Compression_screener_logger-INFO-Previous login is still valid. Skipping login step by default.:
[2026-04-17-14:18:53]: Compression_screener_logger-INFO-Login skipped by user choice.:
[2026-04-17-14:18:53]: Compression_screener_logger-INFO-login Stage sucessful:
[2026-04-17-14:18:53]: Compression_screener_logger-INFO------user information- Stage-----:
[2026-04-17-14:18:53]: Compression_screener_logger-INFO-Accessing client_id and acesstoken:
[2026-04-17-14:18:53]: Compression_screener_logger-INFO-Successfully retrieved authentication code.:
[2026-04-17-14:18:53]: Compression_screener_logger-INFO-Accessing client_id and acesstoken successful:
[2026-04-17-14:19:16]: Compression_screener_logger-INFO-symbol list retrieved successful:
[2026-04-17-14:19:16]: Compression_screener_logger-INFO-user information- Stage sucessful:
[2026-04-17-14:19:45]: Compression_screener_logger-INFO------login Stage-----:
[2026-04-17-14:19:45]: Compression_screener_logger-INFO-Previous login is still valid. Skipping login step by default.:
[2026-04-17-14:19:51]: Compression_screener_logger-INFO-Login skipped by user choice.:
[2026-04-17-14:19:51]: Compression_screener_logger-INFO-login Stage sucessful:
[2026-04-17-14:19:51]: Compression_screener_logger-INFO------user information- Stage-----:
[2026-04-17-14:19:51]: Compression_screener_logger-INFO-Accessing client_id and acesstoken:
[2026-04-17-14:19:51]: Compression_screener_logger-INFO-Successfully retrieved authentication code.:
[2026-04-17-14:19:51]: Compression_screener_logger-INFO-Accessing client_id and acesstoken successful:
[2026-04-17-14:20:01]: Compression_screener_logger-INFO-symbol list retrieved successful:
[2026-04-17-14:20:02]: Compression_screener_logger-INFO-user information- Stage sucessful:
[2026-04-17-14:20:16]: Compression_screener_logger-INFO------login Stage-----:
[2026-04-17-14:20:16]: Compression_screener_logger-INFO-Previous login is still valid. Skipping login step by default.:
[2026-04-17-14:20:17]: Compression_screener_logger-INFO-Login skipped by user choice.:
[2026-04-17-14:20:17]: Compression_screener_logger-INFO-login Stage sucessful:
[2026-04-17-14:20:17]: Compression_screener_logger-INFO------user information- Stage-----:
[2026-04-17-14:20:17]: Compression_screener_logger-INFO-Accessing client_id and acesstoken:
[2026-04-17-14:20:17]: Compression_screener_logger-INFO-Successfully retrieved authentication code.:
[2026-04-17-14:20:17]: Compression_screener_logger-INFO-Accessing client_id and acesstoken successful:
[2026-04-17-14:20:24]: Compression_screener_logger-INFO-symbol list retrieved successful:
[2026-04-17-14:20:24]: Compression_screener_logger-INFO-user information- Stage sucessful:
[2026-04-17-14:20:40]: Compression_screener_logger-INFO------login Stage-----:
[2026-04-17-14:20:40]: Compression_screener_logger-INFO-Previous login is still valid. Skipping login step by default.:
[2026-04-17-14:20:41]: Compression_screener_logger-INFO-Login skipped by user choice.:
[2026-04-17-14:20:41]: Compression_screener_logger-INFO-login Stage sucessful:
[2026-04-17-14:20:41]: Compression_screener_logger-INFO------user information- Stage-----:
[2026-04-17-14:20:41]: Compression_screener_logger-INFO-Accessing client_id and acesstoken:
[2026-04-17-14:20:41]: Compression_screener_logger-INFO-Successfully retrieved authentication code.:
[2026-04-17-14:20:41]: Compression_screener_logger-INFO-Accessing client_id and acesstoken successful:
[2026-04-17-14:20:54]: Compression_screener_logger-INFO-symbol list retrieved successful:
[2026-04-17-14:20:54]: Compression_screener_logger-INFO-user information- Stage sucessful:
[2026-04-17-14:21:44]: Compression_screener_logger-INFO------login Stage-----:
[2026-04-17-14:21:44]: Compression_screener_logger-INFO-Previous login is still valid. Skipping login step by default.:
[2026-04-17-14:21:45]: Compression_screener_logger-INFO-Login skipped by user choice.:
[2026-04-17-14:21:45]: Compression_screener_logger-INFO-login Stage sucessful:
[2026-04-17-14:21:45]: Compression_screener_logger-INFO------user information- Stage-----:
[2026-04-17-14:21:45]: Compression_screener_logger-INFO-Accessing client_id and acesstoken:
[2026-04-17-14:21:45]: Compression_screener_logger-INFO-Successfully retrieved authentication code.:
[2026-04-17-14:21:45]: Compression_screener_logger-INFO-Accessing client_id and acesstoken successful:
[2026-04-17-14:21:50]: Compression_screener_logger-INFO-symbol list retrieved successful:
[2026-04-17-14:21:50]: Compression_screener_logger-INFO-user information- Stage sucessful:
[2026-04-17-15:03:04]: Compression_screener_logger-INFO------login Stage-----:
[2026-04-17-15:03:04]: Compression_screener_logger-INFO-Previous login is still valid. Skipping login step by default.:
[2026-04-17-15:03:06]: Compression_screener_logger-INFO-Login skipped by user choice.:
[2026-04-17-15:03:06]: Compression_screener_logger-INFO-login Stage sucessful:
[2026-04-17-15:03:06]: Compression_screener_logger-INFO------user information- Stage-----:
[2026-04-17-15:03:06]: Compression_screener_logger-INFO-Accessing client_id and acesstoken:
[2026-04-17-15:03:06]: Compression_screener_logger-INFO-Successfully retrieved authentication code.:
[2026-04-17-15:03:06]: Compression_screener_logger-INFO-Accessing client_id and acesstoken successful:
[2026-04-17-15:03:17]: Compression_screener_logger-INFO-symbol list retrieved successful:
[2026-04-17-15:03:18]: Compression_screener_logger-INFO-user information- Stage sucessful:
[2026-04-20-14:47:27]: Compression_screener_logger-INFO------login Stage-----:
[2026-04-20-14:47:27]: Compression_screener_logger-INFO-Successfully retrieved login configuration.:
[2026-04-20-14:47:46]: Compression_screener_logger-INFO-Access token and timestamp saved successfully in config.yaml:
[2026-04-20-14:47:46]: Compression_screener_logger-INFO-login Stage sucessful:
[2026-04-20-14:47:46]: Compression_screener_logger-INFO------user information- Stage-----:
[2026-04-20-14:47:46]: Compression_screener_logger-INFO-Accessing client_id and acesstoken:
[2026-04-20-14:47:46]: Compression_screener_logger-INFO-Successfully retrieved authentication code.:
[2026-04-20-14:47:46]: Compression_screener_logger-INFO-Accessing client_id and acesstoken successful:
[2026-04-20-14:48:08]: Compression_screener_logger-INFO-symbol list retrieved successful:
[2026-04-20-14:48:09]: Compression_screener_logger-INFO-user information- Stage sucessful:
[2026-04-20-15:13:54]: Compression_screener_logger-INFO------login Stage-----:
[2026-04-20-15:13:54]: Compression_screener_logger-INFO-Previous login is still valid. Skipping login step by default.:
[2026-04-20-15:13:56]: Compression_screener_logger-INFO-Login skipped by user choice.:
[2026-04-20-15:13:56]: Compression_screener_logger-INFO-login Stage sucessful:
[2026-04-20-15:13:56]: Compression_screener_logger-INFO------user information- Stage-----:
[2026-04-20-15:13:56]: Compression_screener_logger-INFO-Accessing client_id and acesstoken:
[2026-04-20-15:13:56]: Compression_screener_logger-INFO-Successfully retrieved authentication code.:
[2026-04-20-15:13:56]: Compression_screener_logger-INFO-Accessing client_id and acesstoken successful:
[2026-04-20-15:14:03]: Compression_screener_logger-INFO-symbol list retrieved successful:
[2026-04-20-15:14:04]: Compression_screener_logger-INFO-user information- Stage sucessful:
[2026-04-20-15:14:49]: Compression_screener_logger-INFO------login Stage-----:
[2026-04-20-15:14:49]: Compression_screener_logger-INFO-Previous login is still valid. Skipping login step by default.:
[2026-04-20-15:14:50]: Compression_screener_logger-INFO-Login skipped by user choice.:
[2026-04-20-15:14:50]: Compression_screener_logger-INFO-login Stage sucessful:
[2026-04-20-15:14:50]: Compression_screener_logger-INFO------user information- Stage-----:
[2026-04-20-15:14:50]: Compression_screener_logger-INFO-Accessing client_id and acesstoken:
[2026-04-20-15:14:50]: Compression_screener_logger-INFO-Successfully retrieved authentication code.:
[2026-04-20-15:14:50]: Compression_screener_logger-INFO-Accessing client_id and acesstoken successful:
[2026-04-20-15:14:57]: Compression_screener_logger-INFO-symbol list retrieved successful:
[2026-04-20-15:14:57]: Compression_screener_logger-INFO-user information- Stage sucessful:
[2026-04-20-15:15:12]: Compression_screener_logger-INFO------login Stage-----:
[2026-04-20-15:15:12]: Compression_screener_logger-INFO-Previous login is still valid. Skipping login step by default.:
[2026-04-20-15:15:13]: Compression_screener_logger-INFO-Login skipped by user choice.:
[2026-04-20-15:15:13]: Compression_screener_logger-INFO-login Stage sucessful:
[2026-04-20-15:15:13]: Compression_screener_logger-INFO------user information- Stage-----:
[2026-04-20-15:15:13]: Compression_screener_logger-INFO-Accessing client_id and acesstoken:
[2026-04-20-15:15:13]: Compression_screener_logger-INFO-Successfully retrieved authentication code.:
[2026-04-20-15:15:13]: Compression_screener_logger-INFO-Accessing client_id and acesstoken successful:
[2026-04-20-15:15:20]: Compression_screener_logger-INFO-symbol list retrieved successful:
[2026-04-20-15:15:21]: Compression_screener_logger-INFO-user information- Stage sucessful:
[2026-04-22-12:52:18]: Compression_screener_logger-INFO------login Stage-----:
[2026-04-22-12:52:18]: Compression_screener_logger-INFO-Successfully retrieved login configuration.:
[2026-04-22-12:52:30]: Compression_screener_logger-INFO-login Stage sucessful:
[2026-04-22-12:52:30]: Compression_screener_logger-INFO------user information- Stage-----:
[2026-04-22-12:52:30]: Compression_screener_logger-INFO-Accessing client_id and acesstoken:
[2026-04-22-12:52:30]: Compression_screener_logger-INFO-Successfully retrieved authentication code.:
[2026-04-22-12:52:30]: Compression_screener_logger-INFO-Accessing client_id and acesstoken successful:
[2026-04-22-12:52:39]: Compression_screener_logger-INFO-symbol list retrieved successful:
[2026-04-22-12:52:39]: Compression_screener_logger-INFO-user information- Stage sucessful:
[2026-04-22-12:53:06]: Compression_screener_logger-INFO------login Stage-----:
[2026-04-22-12:53:06]: Compression_screener_logger-INFO-Successfully retrieved login configuration.:
[2026-04-22-12:53:25]: Compression_screener_logger-INFO-Access token and timestamp saved successfully in config.yaml:
[2026-04-22-12:53:25]: Compression_screener_logger-INFO-login Stage sucessful:
[2026-04-22-12:53:25]: Compression_screener_logger-INFO------user information- Stage-----:
[2026-04-22-12:53:25]: Compression_screener_logger-INFO-Accessing client_id and acesstoken:
[2026-04-22-12:53:25]: Compression_screener_logger-INFO-Successfully retrieved authentication code.:
[2026-04-22-12:53:25]: Compression_screener_logger-INFO-Accessing client_id and acesstoken successful:
[2026-04-22-12:53:34]: Compression_screener_logger-INFO-symbol list retrieved successful:
[2026-04-22-12:53:35]: Compression_screener_logger-INFO-user information- Stage sucessful:
[2026-04-22-17:25:55]: Compression_screener_logger-INFO------login Stage-----:
[2026-04-22-17:25:55]: Compression_screener_logger-INFO-Previous login is still valid. Skipping login step by default.:
[2026-04-22-17:25:58]: Compression_screener_logger-INFO-Successfully retrieved login configuration.:
[2026-04-22-17:26:08]: Compression_screener_logger-INFO-Access token and timestamp saved successfully in config.yaml:
[2026-04-22-17:26:08]: Compression_screener_logger-INFO-login Stage sucessful:
[2026-04-22-17:26:08]: Compression_screener_logger-INFO------user information- Stage-----:
[2026-04-22-17:26:08]: Compression_screener_logger-INFO-Accessing client_id and acesstoken:
[2026-04-22-17:26:08]: Compression_screener_logger-INFO-Successfully retrieved authentication code.:
[2026-04-22-17:26:08]: Compression_screener_logger-INFO-Accessing client_id and acesstoken successful:
[2026-04-22-17:26:09]: Compression_screener_logger-ERROR-name 'hist_data_retrival_pipeline' is not defined:
Traceback (most recent call last):
  File "D:\FM\5_EMA\main.py", line 22, in user_data_retiver
    data.hist_data()
  File "D:\FM\5_EMA\src\components\data_retrieval.py", line 28, in hist_data
    symbols_list, start_date, end_date = hist_data_retrival_pipeline.hist_data()
                                         ^^^^^^^^^^^^^^^^^^^^^^^^^^^
NameError: name 'hist_data_retrival_pipeline' is not defined
[2026-04-22-17:28:31]: Compression_screener_logger-INFO------login Stage-----:
[2026-04-22-17:28:31]: Compression_screener_logger-INFO-Previous login is still valid. Skipping login step by default.:
[2026-04-22-17:28:32]: Compression_screener_logger-INFO-Login skipped by user choice.:
[2026-04-22-17:28:32]: Compression_screener_logger-INFO-login Stage sucessful:
[2026-04-22-17:28:32]: Compression_screener_logger-INFO------user information- Stage-----:
[2026-04-22-17:28:32]: Compression_screener_logger-INFO-Accessing client_id and acesstoken:
[2026-04-22-17:28:32]: Compression_screener_logger-INFO-Successfully retrieved authentication code.:
[2026-04-22-17:28:32]: Compression_screener_logger-INFO-Accessing client_id and acesstoken successful:
[2026-04-22-17:29:04]: Compression_screener_logger-ERROR-name 'save_to_hist_data_json' is not defined:
Traceback (most recent call last):
  File "D:\FM\5_EMA\main.py", line 22, in user_data_retiver
    data.hist_data()
  File "D:\FM\5_EMA\src\components\data_retrieval.py", line 57, in hist_data
    save_to_hist_data_json(data_with_symbols,file_path)
    ^^^^^^^^^^^^^^^^^^^^^^
NameError: name 'save_to_hist_data_json' is not defined. Did you mean: 'save_to_raw_hist_data_json'?
[2026-04-22-17:31:53]: Compression_screener_logger-INFO------login Stage-----:
[2026-04-22-17:31:53]: Compression_screener_logger-INFO-Previous login is still valid. Skipping login step by default.:
[2026-04-22-17:31:54]: Compression_screener_logger-INFO-Login skipped by user choice.:
[2026-04-22-17:31:54]: Compression_screener_logger-INFO-login Stage sucessful:
[2026-04-22-17:31:54]: Compression_screener_logger-INFO------user information- Stage-----:
[2026-04-22-17:31:54]: Compression_screener_logger-INFO-Accessing client_id and acesstoken:
[2026-04-22-17:31:54]: Compression_screener_logger-INFO-Successfully retrieved authentication code.:
[2026-04-22-17:31:54]: Compression_screener_logger-INFO-Accessing client_id and acesstoken successful:
[2026-04-22-17:31:54]: Compression_screener_logger-INFO-symbol list retrieved successful:
[2026-04-22-17:32:12]: Compression_screener_logger-INFO-user information- Stage sucessful:
[2026-04-22-17:34:39]: Compression_screener_logger-INFO------login Stage-----:
[2026-04-22-17:34:39]: Compression_screener_logger-INFO-Previous login is still valid. Skipping login step by default.:
[2026-04-22-17:34:40]: Compression_screener_logger-INFO-Login skipped by user choice.:
[2026-04-22-17:34:40]: Compression_screener_logger-INFO-login Stage sucessful:
[2026-04-22-17:34:40]: Compression_screener_logger-INFO------user information- Stage-----:
[2026-04-22-17:34:40]: Compression_screener_logger-INFO-Accessing client_id and acesstoken:
[2026-04-22-17:34:40]: Compression_screener_logger-INFO-Successfully retrieved authentication code.:
[2026-04-22-17:34:40]: Compression_screener_logger-INFO-Accessing client_id and acesstoken successful:
[2026-04-22-17:34:40]: Compression_screener_logger-ERROR-cannot access local variable 'file_path' where it is not associated with a value:
Traceback (most recent call last):
  File "D:\FM\5_EMA\main.py", line 22, in user_data_retiver
    data.hist_data()
  File "D:\FM\5_EMA\src\components\data_retrieval.py", line 28, in hist_data
    clear_hist_data_json(file_path)
                        ^^^^^^^^^
UnboundLocalError: cannot access local variable 'file_path' where it is not associated with a value
[2026-04-22-17:35:07]: Compression_screener_logger-INFO------login Stage-----:
[2026-04-22-17:35:07]: Compression_screener_logger-INFO-Previous login is still valid. Skipping login step by default.:
[2026-04-22-17:35:08]: Compression_screener_logger-INFO-Login skipped by user choice.:
[2026-04-22-17:35:08]: Compression_screener_logger-INFO-login Stage sucessful:
[2026-04-22-17:35:08]: Compression_screener_logger-INFO------user information- Stage-----:
[2026-04-22-17:35:08]: Compression_screener_logger-INFO-Accessing client_id and acesstoken:
[2026-04-22-17:35:08]: Compression_screener_logger-INFO-Successfully retrieved authentication code.:
[2026-04-22-17:35:08]: Compression_screener_logger-INFO-Accessing client_id and acesstoken successful:
[2026-04-22-17:35:08]: Compression_screener_logger-INFO-symbol list retrieved successful:
[2026-04-22-17:35:27]: Compression_screener_logger-INFO-user information- Stage sucessful:
[2026-04-22-17:37:00]: Compression_screener_logger-INFO------login Stage-----:
[2026-04-22-17:37:00]: Compression_screener_logger-INFO-Previous login is still valid. Skipping login step by default.:
[2026-04-22-17:37:02]: Compression_screener_logger-INFO-Login skipped by user choice.:
[2026-04-22-17:37:02]: Compression_screener_logger-INFO-login Stage sucessful:
[2026-04-22-17:37:02]: Compression_screener_logger-INFO------user information- Stage-----:
[2026-04-22-17:37:02]: Compression_screener_logger-INFO-Accessing client_id and acesstoken:
[2026-04-22-17:37:02]: Compression_screener_logger-INFO-Successfully retrieved authentication code.:
[2026-04-22-17:37:02]: Compression_screener_logger-INFO-Accessing client_id and acesstoken successful:
[2026-04-22-17:37:03]: Compression_screener_logger-INFO-symbol list retrieved successful:
[2026-04-22-17:37:12]: Compression_screener_logger-INFO-user information- Stage sucessful:
[2026-04-22-17:37:53]: Compression_screener_logger-INFO------login Stage-----:
[2026-04-22-17:37:53]: Compression_screener_logger-INFO-Previous login is still valid. Skipping login step by default.:
[2026-04-22-17:37:54]: Compression_screener_logger-INFO-Login skipped by user choice.:
[2026-04-22-17:37:54]: Compression_screener_logger-INFO-login Stage sucessful:
[2026-04-22-17:37:54]: Compression_screener_logger-INFO------user information- Stage-----:
[2026-04-22-17:37:54]: Compression_screener_logger-INFO-Accessing client_id and acesstoken:
[2026-04-22-17:37:54]: Compression_screener_logger-INFO-Successfully retrieved authentication code.:
[2026-04-22-17:37:54]: Compression_screener_logger-INFO-Accessing client_id and acesstoken successful:
[2026-04-22-17:37:54]: Compression_screener_logger-INFO-symbol list retrieved successful:
[2026-04-22-17:38:08]: Compression_screener_logger-INFO-user information- Stage sucessful:
[2026-04-22-17:39:05]: Compression_screener_logger-INFO------login Stage-----:
[2026-04-22-17:39:05]: Compression_screener_logger-INFO-Previous login is still valid. Skipping login step by default.:
[2026-04-22-17:39:06]: Compression_screener_logger-INFO-Login skipped by user choice.:
[2026-04-22-17:39:06]: Compression_screener_logger-INFO-login Stage sucessful:
[2026-04-22-17:39:06]: Compression_screener_logger-INFO------user information- Stage-----:
[2026-04-22-17:39:06]: Compression_screener_logger-INFO-Accessing client_id and acesstoken:
[2026-04-22-17:39:06]: Compression_screener_logger-INFO-Successfully retrieved authentication code.:
[2026-04-22-17:39:06]: Compression_screener_logger-INFO-Accessing client_id and acesstoken successful:
[2026-04-22-17:39:07]: Compression_screener_logger-INFO-symbol list retrieved successful:
[2026-04-22-17:39:14]: Compression_screener_logger-INFO-user information- Stage sucessful:
[2026-04-22-17:42:32]: Compression_screener_logger-INFO------login Stage-----:
[2026-04-22-17:42:32]: Compression_screener_logger-INFO-Previous login is still valid. Skipping login step by default.:
[2026-04-22-17:42:33]: Compression_screener_logger-INFO-Login skipped by user choice.:
[2026-04-22-17:42:33]: Compression_screener_logger-INFO-login Stage sucessful:
[2026-04-22-17:42:33]: Compression_screener_logger-INFO------user information- Stage-----:
[2026-04-22-17:42:33]: Compression_screener_logger-INFO-Accessing client_id and acesstoken:
[2026-04-22-17:42:33]: Compression_screener_logger-INFO-Successfully retrieved authentication code.:
[2026-04-22-17:42:33]: Compression_screener_logger-INFO-Accessing client_id and acesstoken successful:
[2026-04-22-17:42:33]: Compression_screener_logger-INFO-symbol list retrieved successful:
[2026-04-22-17:42:42]: Compression_screener_logger-INFO-user information- Stage sucessful:
[2026-04-22-17:43:13]: Compression_screener_logger-INFO------login Stage-----:
[2026-04-22-17:43:13]: Compression_screener_logger-INFO-Previous login is still valid. Skipping login step by default.:
[2026-04-22-17:43:16]: Compression_screener_logger-INFO-Login skipped by user choice.:
[2026-04-22-17:43:16]: Compression_screener_logger-INFO-login Stage sucessful:
[2026-04-22-17:43:16]: Compression_screener_logger-INFO------user information- Stage-----:
[2026-04-22-17:43:16]: Compression_screener_logger-INFO-Accessing client_id and acesstoken:
[2026-04-22-17:43:16]: Compression_screener_logger-INFO-Successfully retrieved authentication code.:
[2026-04-22-17:43:16]: Compression_screener_logger-INFO-Accessing client_id and acesstoken successful:
[2026-04-22-17:43:17]: Compression_screener_logger-INFO-symbol list retrieved successful:
[2026-04-22-17:43:26]: Compression_screener_logger-INFO-user information- Stage sucessful:
[2026-04-22-17:44:01]: Compression_screener_logger-INFO------login Stage-----:
[2026-04-22-17:44:01]: Compression_screener_logger-INFO-Previous login is still valid. Skipping login step by default.:
[2026-04-22-17:44:04]: Compression_screener_logger-INFO-Login skipped by user choice.:
[2026-04-22-17:44:04]: Compression_screener_logger-INFO-login Stage sucessful:
[2026-04-22-17:44:04]: Compression_screener_logger-INFO------user information- Stage-----:
[2026-04-22-17:44:04]: Compression_screener_logger-INFO-Accessing client_id and acesstoken:
[2026-04-22-17:44:04]: Compression_screener_logger-INFO-Successfully retrieved authentication code.:
[2026-04-22-17:44:04]: Compression_screener_logger-INFO-Accessing client_id and acesstoken successful:
[2026-04-22-17:44:04]: Compression_screener_logger-INFO-symbol list retrieved successful:
[2026-04-22-17:45:07]: Compression_screener_logger-INFO-user information- Stage sucessful:
